<?xml version="1.0" encoding="UTF-8"?>
<!-- Generated by org.testng.reporters.JUnitReportReporter -->
<testsuite hostname="Vicky" failures="0" tests="1" name="Demo.BaseClassLoginDemo" time="18.107" errors="0" timestamp="2024-07-09T12:48:09 IST" skipped="0">
  <testcase classname="Demo.BaseClassLoginDemo" name="loginToApplication" time="18.107"/>
  <system-out/>
</testsuite> <!-- Demo.BaseClassLoginDemo -->
