<?xml version="1.0" encoding="UTF-8"?>
<!-- Generated by org.testng.reporters.JUnitReportReporter -->
<testsuite hostname="Vicky" failures="0" tests="1" name="Demo.BaseClassLoginDemo" time="11.560" errors="0" timestamp="2024-07-10T16:47:10 IST" skipped="0">
  <testcase classname="Demo.BaseClassLoginDemo" name="loginToApplication" time="11.560"/>
  <system-out/>
</testsuite> <!-- Demo.BaseClassLoginDemo -->
