<?xml version="1.0" encoding="UTF-8"?>
<!-- Generated by org.testng.reporters.JUnitReportReporter -->
<testsuite hostname="Vicky" failures="0" tests="1" name="Demo.KycForAllBusinessTypes" time="34.651" errors="0" timestamp="2024-07-10T20:37:23 IST" skipped="0">
  <testcase classname="Demo.KycForAllBusinessTypes" name="KycForPropretor" time="34.651"/>
  <system-out/>
</testsuite> <!-- Demo.KycForAllBusinessTypes -->
